{
  "stats": {
    "suites": 1,
    "tests": 1,
    "passes": 1,
    "pending": 0,
    "failures": 0,
    "start": "2025-10-28T00:39:21.894Z",
    "end": "2025-10-28T00:39:27.663Z",
    "duration": 5769,
    "testsRegistered": 1,
    "passPercent": 100,
    "pendingPercent": 0,
    "other": 0,
    "hasOther": false,
    "skipped": 0,
    "hasSkipped": false
  },
  "results": [
    {
      "uuid": "27bdf56c-ce3a-4348-bbed-9bc39cf26a5a",
      "title": "",
      "fullFile": "cypress\\e2e\\home.cy.js",
      "file": "cypress\\e2e\\home.cy.js",
      "beforeHooks": [],
      "afterHooks": [],
      "tests": [],
      "suites": [
        {
          "uuid": "d42570aa-7806-4e0c-8d60-621d4c948ce4",
          "title": "Home",
          "fullFile": "",
          "file": "",
          "beforeHooks": [],
          "afterHooks": [],
          "tests": [
            {
              "title": "Test Case 10: Verify Subscription in home page",
              "fullTitle": "Home Test Case 10: Verify Subscription in home page",
              "timedOut": null,
              "duration": 5635,
              "state": "passed",
              "speed": "medium",
              "pass": true,
              "fail": false,
              "pending": false,
              "context": null,
              "code": "const email = _faker.faker.internet.email();\ncy.get('input#susbscribe_email').type(email);\ncy.get('button#subscribe').click();\ncy.contains('You have been successfully subscribed!').should('be.visible');",
              "err": {},
              "uuid": "7bf56b71-29ca-43c5-b600-1054c74d13d8",
              "parentUUID": "d42570aa-7806-4e0c-8d60-621d4c948ce4",
              "isHook": false,
              "skipped": false
            }
          ],
          "suites": [],
          "passes": [
            "7bf56b71-29ca-43c5-b600-1054c74d13d8"
          ],
          "failures": [],
          "pending": [],
          "skipped": [],
          "duration": 5635,
          "root": false,
          "rootEmpty": false,
          "_timeout": 2000
        }
      ],
      "passes": [],
      "failures": [],
      "pending": [],
      "skipped": [],
      "duration": 0,
      "root": true,
      "rootEmpty": true,
      "_timeout": 2000
    }
  ],
  "meta": {
    "mocha": {
      "version": "7.2.0"
    },
    "mochawesome": {
      "options": {
        "quiet": false,
        "reportFilename": "mochawesome",
        "saveHtml": false,
        "saveJson": true,
        "consoleReporter": "spec",
        "useInlineDiffs": false,
        "code": true
      },
      "version": "7.1.4"
    },
    "marge": {
      "options": {
        "reportDir": "cypress/reports",
        "overwrite": false,
        "html": false,
        "json": true
      },
      "version": "6.3.0"
    }
  }
}