{
  "stats": {
    "suites": 1,
    "tests": 2,
    "passes": 2,
    "pending": 0,
    "failures": 0,
    "start": "2025-10-28T00:40:22.702Z",
    "end": "2025-10-28T00:40:40.284Z",
    "duration": 17582,
    "testsRegistered": 2,
    "passPercent": 100,
    "pendingPercent": 0,
    "other": 0,
    "hasOther": false,
    "skipped": 0,
    "hasSkipped": false
  },
  "results": [
    {
      "uuid": "a16a8cfb-621e-44b9-995a-5c07b3264f39",
      "title": "",
      "fullFile": "cypress\\e2e\\register.cy.js",
      "file": "cypress\\e2e\\register.cy.js",
      "beforeHooks": [],
      "afterHooks": [],
      "tests": [],
      "suites": [
        {
          "uuid": "a2b4cd6f-afbd-4dd4-837b-3236abed6322",
          "title": "Automation Exercise - Casos 1 à 5 (CSS)",
          "fullFile": "",
          "file": "",
          "beforeHooks": [],
          "afterHooks": [],
          "tests": [
            {
              "title": "Test Case 1: Register User",
              "fullTitle": "Automation Exercise - Casos 1 à 5 (CSS) Test Case 1: Register User",
              "timedOut": null,
              "duration": 11885,
              "state": "passed",
              "speed": "slow",
              "pass": true,
              "fail": false,
              "pending": false,
              "context": null,
              "code": "let randomUserComplement = new Date().getTime();\ncy.get('[data-qa=signup-name]').type(`Cypress_${randomUserComplement}`);\ncy.get('[data-qa=signup-email]').type(`cypress${randomUserComplement}@test.com`);\ncy.contains('button', 'Signup').click();\ncy.contains('.title', 'Enter Account Information').should('be.visible');\ncy.get('[data-qa=title] [value=Mr]').check();\ncy.get('[data-qa=password]').type('123456');\ncy.get('[data-qa=first_name]').type('Cypress');\ncy.get('[data-qa=last_name]').type('Test');\ncy.get('[data-qa=address]').type('Miami Street, 123');\ncy.get('[data-qa=country]').select('United States');\ncy.get('[data-qa=state]').type('California');\ncy.get('[data-qa=city]').type('Miami');\ncy.get('[data-qa=zipcode]').type('0544-651');\ncy.get('[data-qa=mobile_number]').type('1234567890');\ncy.contains('button', 'Create Account').click();\ncy.contains('.title', 'Account Created!').should('be.visible');\ncy.contains('Congratulations! Your new account has been successfully created!').should('be.visible');",
              "err": {},
              "uuid": "254fddd8-adb8-42e5-beda-478fe2a1e028",
              "parentUUID": "a2b4cd6f-afbd-4dd4-837b-3236abed6322",
              "isHook": false,
              "skipped": false
            },
            {
              "title": "Test Case 5: Register User with existing email",
              "fullTitle": "Automation Exercise - Casos 1 à 5 (CSS) Test Case 5: Register User with existing email",
              "timedOut": null,
              "duration": 5406,
              "state": "passed",
              "speed": "medium",
              "pass": true,
              "fail": false,
              "pending": false,
              "context": null,
              "code": "_Cadastro.default.preencherFormularioDeCadastro(_dadosRegistro.default.Usuario.username, _dadosRegistro.default.Usuario.email);\ncy.contains('Email Address already exist!').should('be.visible');",
              "err": {},
              "uuid": "c501d2fd-49fe-4345-ac68-d40c1da8f4f0",
              "parentUUID": "a2b4cd6f-afbd-4dd4-837b-3236abed6322",
              "isHook": false,
              "skipped": false
            }
          ],
          "suites": [],
          "passes": [
            "254fddd8-adb8-42e5-beda-478fe2a1e028",
            "c501d2fd-49fe-4345-ac68-d40c1da8f4f0"
          ],
          "failures": [],
          "pending": [],
          "skipped": [],
          "duration": 17291,
          "root": false,
          "rootEmpty": false,
          "_timeout": 2000
        }
      ],
      "passes": [],
      "failures": [],
      "pending": [],
      "skipped": [],
      "duration": 0,
      "root": true,
      "rootEmpty": true,
      "_timeout": 2000
    }
  ],
  "meta": {
    "mocha": {
      "version": "7.2.0"
    },
    "mochawesome": {
      "options": {
        "quiet": false,
        "reportFilename": "mochawesome",
        "saveHtml": false,
        "saveJson": true,
        "consoleReporter": "spec",
        "useInlineDiffs": false,
        "code": true
      },
      "version": "7.1.4"
    },
    "marge": {
      "options": {
        "reportDir": "cypress/reports",
        "overwrite": false,
        "html": false,
        "json": true
      },
      "version": "6.3.0"
    }
  }
}