{
  "stats": {
    "suites": 1,
    "tests": 2,
    "passes": 2,
    "pending": 0,
    "failures": 0,
    "start": "2025-10-28T00:40:02.717Z",
    "end": "2025-10-28T00:40:18.385Z",
    "duration": 15668,
    "testsRegistered": 2,
    "passPercent": 100,
    "pendingPercent": 0,
    "other": 0,
    "hasOther": false,
    "skipped": 0,
    "hasSkipped": false
  },
  "results": [
    {
      "uuid": "63817e99-9f7e-4c62-a847-f56b2f8ae231",
      "title": "",
      "fullFile": "cypress\\e2e\\products.cy.js",
      "file": "cypress\\e2e\\products.cy.js",
      "beforeHooks": [],
      "afterHooks": [],
      "tests": [],
      "suites": [
        {
          "uuid": "c10ee1cd-97b9-45c4-958e-bba921da2401",
          "title": "Home",
          "fullFile": "",
          "file": "",
          "beforeHooks": [],
          "afterHooks": [],
          "tests": [
            {
              "title": "Test Case 8: Verify Subscription in home page",
              "fullTitle": "Home Test Case 8: Verify Subscription in home page",
              "timedOut": null,
              "duration": 8181,
              "state": "passed",
              "speed": "medium",
              "pass": true,
              "fail": false,
              "pending": false,
              "context": null,
              "code": "cy.contains('.productinfo', 'Men Tshirt').closest('.product-image-wrapper').find('a[href*=\"/product_details/\"]').click();\ncy.contains('h2', 'Men Tshirt').should('be.visible');\ncy.contains('Rs. 400').should('be.visible');\ncy.contains('Brand: H&M').should('be.visible');",
              "err": {},
              "uuid": "c28d5a46-6e22-4341-ba01-c2474b5761f4",
              "parentUUID": "c10ee1cd-97b9-45c4-958e-bba921da2401",
              "isHook": false,
              "skipped": false
            },
            {
              "title": "Test Case 9: Search Product",
              "fullTitle": "Home Test Case 9: Search Product",
              "timedOut": null,
              "duration": 7173,
              "state": "passed",
              "speed": "medium",
              "pass": true,
              "fail": false,
              "pending": false,
              "context": null,
              "code": "cy.get('input#search_product').type('Men Tshirt');\ncy.get('button#submit_search').click();\ncy.contains('h2', 'Searched Products').should('be.visible');\ncy.get('.productinfo').should('have.length', 1);\ncy.contains('.productinfo', 'Men Tshirt').should('be.visible');\ncy.contains('Rs. 400').should('be.visible');",
              "err": {},
              "uuid": "d879d50b-c6a2-40d3-a234-84bcb1f3ba1c",
              "parentUUID": "c10ee1cd-97b9-45c4-958e-bba921da2401",
              "isHook": false,
              "skipped": false
            }
          ],
          "suites": [],
          "passes": [
            "c28d5a46-6e22-4341-ba01-c2474b5761f4",
            "d879d50b-c6a2-40d3-a234-84bcb1f3ba1c"
          ],
          "failures": [],
          "pending": [],
          "skipped": [],
          "duration": 15354,
          "root": false,
          "rootEmpty": false,
          "_timeout": 2000
        }
      ],
      "passes": [],
      "failures": [],
      "pending": [],
      "skipped": [],
      "duration": 0,
      "root": true,
      "rootEmpty": true,
      "_timeout": 2000
    }
  ],
  "meta": {
    "mocha": {
      "version": "7.2.0"
    },
    "mochawesome": {
      "options": {
        "quiet": false,
        "reportFilename": "mochawesome",
        "saveHtml": false,
        "saveJson": true,
        "consoleReporter": "spec",
        "useInlineDiffs": false,
        "code": true
      },
      "version": "7.1.4"
    },
    "marge": {
      "options": {
        "reportDir": "cypress/reports",
        "overwrite": false,
        "html": false,
        "json": true
      },
      "version": "6.3.0"
    }
  }
}