{
  "stats": {
    "suites": 1,
    "tests": 3,
    "passes": 3,
    "pending": 0,
    "failures": 0,
    "start": "2025-10-28T00:39:31.609Z",
    "end": "2025-10-28T00:39:58.554Z",
    "duration": 26945,
    "testsRegistered": 3,
    "passPercent": 100,
    "pendingPercent": 0,
    "other": 0,
    "hasOther": false,
    "skipped": 0,
    "hasSkipped": false
  },
  "results": [
    {
      "uuid": "44e036f6-153e-4c97-82f1-b5259779ca05",
      "title": "",
      "fullFile": "cypress\\e2e\\login.cy.js",
      "file": "cypress\\e2e\\login.cy.js",
      "beforeHooks": [],
      "afterHooks": [],
      "tests": [],
      "suites": [
        {
          "uuid": "e2c042be-0b3b-4f4b-8b54-3817abf0de55",
          "title": "Automation Exercise - Casos 1 à 5 (CSS)",
          "fullFile": "",
          "file": "",
          "beforeHooks": [],
          "afterHooks": [],
          "tests": [
            {
              "title": "Test Case 2: Login User with correct email and password",
              "fullTitle": "Automation Exercise - Casos 1 à 5 (CSS) Test Case 2: Login User with correct email and password",
              "timedOut": null,
              "duration": 8371,
              "state": "passed",
              "speed": "medium",
              "pass": true,
              "fail": false,
              "pending": false,
              "context": null,
              "code": "cy.contains('h2', 'Login to your account').should('be.visible');\ncy.get('[data-qa=login-email]').type('pgats-user@email.com');\ncy.get('[data-qa=login-password]').type('123456');\ncy.contains('button', 'Login').click();\ncy.contains('Logged in as pgats-user777').should('be.visible');\ncy.contains('a', 'Logout').should('be.visible');",
              "err": {},
              "uuid": "66bce928-422f-4e8c-9678-59ef170ad3b5",
              "parentUUID": "e2c042be-0b3b-4f4b-8b54-3817abf0de55",
              "isHook": false,
              "skipped": false
            },
            {
              "title": "Test Case 3: Login User with incorrect email and password",
              "fullTitle": "Automation Exercise - Casos 1 à 5 (CSS) Test Case 3: Login User with incorrect email and password",
              "timedOut": null,
              "duration": 7903,
              "state": "passed",
              "speed": "medium",
              "pass": true,
              "fail": false,
              "pending": false,
              "context": null,
              "code": "cy.contains('h2', 'Login to your account').should('be.visible');\ncy.get('[data-qa=login-email]').type('pgats-user@email.com');\ncy.get('[data-qa=login-password]').type('1234567');\ncy.contains('button', 'Login').click();\ncy.contains('Your email or password is incorrect!').should('be.visible');",
              "err": {},
              "uuid": "6d6c3e89-0a66-424b-8228-1883703ec926",
              "parentUUID": "e2c042be-0b3b-4f4b-8b54-3817abf0de55",
              "isHook": false,
              "skipped": false
            },
            {
              "title": "Test Case 4: Logout User",
              "fullTitle": "Automation Exercise - Casos 1 à 5 (CSS) Test Case 4: Logout User",
              "timedOut": null,
              "duration": 10234,
              "state": "passed",
              "speed": "slow",
              "pass": true,
              "fail": false,
              "pending": false,
              "context": null,
              "code": "cy.contains('h2', 'Login to your account').should('be.visible');\ncy.get('[data-qa=login-email]').type('pgats-user@email.com');\ncy.get('[data-qa=login-password]').type('123456');\ncy.contains('button', 'Login').click();\ncy.contains('Logged in as pgats-user777').should('be.visible');\ncy.contains('a', 'Logout').click();\ncy.contains('a', 'Signup / Login').should('be.visible');",
              "err": {},
              "uuid": "e1c141d2-edc9-43be-ad28-73f9e104fc1e",
              "parentUUID": "e2c042be-0b3b-4f4b-8b54-3817abf0de55",
              "isHook": false,
              "skipped": false
            }
          ],
          "suites": [],
          "passes": [
            "66bce928-422f-4e8c-9678-59ef170ad3b5",
            "6d6c3e89-0a66-424b-8228-1883703ec926",
            "e1c141d2-edc9-43be-ad28-73f9e104fc1e"
          ],
          "failures": [],
          "pending": [],
          "skipped": [],
          "duration": 26508,
          "root": false,
          "rootEmpty": false,
          "_timeout": 2000
        }
      ],
      "passes": [],
      "failures": [],
      "pending": [],
      "skipped": [],
      "duration": 0,
      "root": true,
      "rootEmpty": true,
      "_timeout": 2000
    }
  ],
  "meta": {
    "mocha": {
      "version": "7.2.0"
    },
    "mochawesome": {
      "options": {
        "quiet": false,
        "reportFilename": "mochawesome",
        "saveHtml": false,
        "saveJson": true,
        "consoleReporter": "spec",
        "useInlineDiffs": false,
        "code": true
      },
      "version": "7.1.4"
    },
    "marge": {
      "options": {
        "reportDir": "cypress/reports",
        "overwrite": false,
        "html": false,
        "json": true
      },
      "version": "6.3.0"
    }
  }
}