{
  "stats": {
    "suites": 1,
    "tests": 1,
    "passes": 1,
    "pending": 0,
    "failures": 0,
    "start": "2025-10-28T00:38:58.903Z",
    "end": "2025-10-28T00:39:11.984Z",
    "duration": 13081,
    "testsRegistered": 1,
    "passPercent": 100,
    "pendingPercent": 0,
    "other": 0,
    "hasOther": false,
    "skipped": 0,
    "hasSkipped": false
  },
  "results": [
    {
      "uuid": "1e5d0b01-e4da-47de-977e-d7f9abbc9aad",
      "title": "",
      "fullFile": "cypress\\e2e\\contact-us.cy.js",
      "file": "cypress\\e2e\\contact-us.cy.js",
      "beforeHooks": [],
      "afterHooks": [],
      "tests": [],
      "suites": [
        {
          "uuid": "d9f53b66-588f-46a0-bf9e-973b1bc266bb",
          "title": "Contact Us",
          "fullFile": "",
          "file": "",
          "beforeHooks": [],
          "afterHooks": [],
          "tests": [
            {
              "title": "Test Case 6: Contact Us Form",
              "fullTitle": "Contact Us Test Case 6: Contact Us Form",
              "timedOut": null,
              "duration": 13014,
              "state": "passed",
              "speed": "slow",
              "pass": true,
              "fail": false,
              "pending": false,
              "context": null,
              "code": "const form = {\n  name: _faker.faker.internet.username(),\n  email: _faker.faker.internet.email(),\n  subject: _faker.faker.word.words(5),\n  message: _faker.faker.lorem.paragraph(5)\n};\ncy.get('input[data-qa=name]').type(form.name);\ncy.get('input[data-qa=email]').type(form.email);\ncy.get('input[data-qa=subject]').type(form.subject);\ncy.get('textarea[data-qa=message]').type(form.message, {\n  delay: 0\n});\ncy.get('input[name=upload_file]').selectFile('cypress/fixtures/contact-us/image.png');\ncy.get('[data-qa=submit-button]').click();\ncy.contains('Success! Your details have been submitted successfully.').should('be.visible');\ncy.contains('a', 'Home').click();\ncy.url().should('eq', 'https://automationexercise.com/');",
              "err": {},
              "uuid": "54dddbef-360d-43e4-9b89-53856a9a3722",
              "parentUUID": "d9f53b66-588f-46a0-bf9e-973b1bc266bb",
              "isHook": false,
              "skipped": false
            }
          ],
          "suites": [],
          "passes": [
            "54dddbef-360d-43e4-9b89-53856a9a3722"
          ],
          "failures": [],
          "pending": [],
          "skipped": [],
          "duration": 13014,
          "root": false,
          "rootEmpty": false,
          "_timeout": 2000
        }
      ],
      "passes": [],
      "failures": [],
      "pending": [],
      "skipped": [],
      "duration": 0,
      "root": true,
      "rootEmpty": true,
      "_timeout": 2000
    }
  ],
  "meta": {
    "mocha": {
      "version": "7.2.0"
    },
    "mochawesome": {
      "options": {
        "quiet": false,
        "reportFilename": "mochawesome",
        "saveHtml": false,
        "saveJson": true,
        "consoleReporter": "spec",
        "useInlineDiffs": false,
        "code": true
      },
      "version": "7.1.4"
    },
    "marge": {
      "options": {
        "reportDir": "cypress/reports",
        "overwrite": false,
        "html": false,
        "json": true
      },
      "version": "6.3.0"
    }
  }
}